# JRE version: Java(TM) SE Runtime Environment (17.0.4.1+1) (build 17.0.4.1+1-LTS-2)
# Java VM: Java HotSpot(TM) 64-Bit Server VM (17.0.4.1+1-LTS-2, mixed mode, sharing, tiered, compressed oops, compressed class ptrs, g1 gc, windows-amd64)
GC Precious Log:
 CPUs: 12 total, 12 available
 Memory: 16164M
 Large Page Support: Disabled
 NUMA Support: Disabled
 Compressed Oops: Enabled (Zero based)
 Heap Region Size: 2M
 Heap Min Capacity: 8M
 Heap Initial Capacity: 254M
 Heap Max Capacity: 4042M
 Pre-touch: Disabled
 Parallel Workers: 10
 Concurrent Workers: 3
 Concurrent Refinement Workers: 10
 Periodic GC: Disabled
Heap:
 garbage-first heap   total 1245184K, used 587776K [0x0000000703600000, 0x0000000800000000)
  region size 2048K, 4 young (8192K), 4 survivors (8192K)
 Metaspace       used 26063K, committed 26432K, reserved 1073152K
  class space    used 3301K, committed 3456K, reserved 1048576K
GC Heap History (20 events):
Event: 2.385 GC heap after
{Heap after GC invocations=7 (full 0):
 garbage-first heap   total 722944K, used 128590K [0x0000000703600000, 0x0000000800000000)
  region size 2048K, 5 young (10240K), 5 survivors (10240K)
 Metaspace       used 18550K, committed 18752K, reserved 1073152K
  class space    used 2075K, committed 2176K, reserved 1048576K
}
Event: 2.779 GC heap before
{Heap before GC invocations=7 (full 0):
 garbage-first heap   total 722944K, used 267854K [0x0000000703600000, 0x0000000800000000)
  region size 2048K, 73 young (149504K), 5 survivors (10240K)
 Metaspace       used 18721K, committed 18944K, reserved 1073152K
  class space    used 2095K, committed 2176K, reserved 1048576K
}
Event: 2.806 GC heap after
{Heap after GC invocations=8 (full 0):
 garbage-first heap   total 722944K, used 177549K [0x0000000703600000, 0x0000000800000000)
  region size 2048K, 10 young (20480K), 10 survivors (20480K)
 Metaspace       used 18721K, committed 18944K, reserved 1073152K
  class space    used 2095K, committed 2176K, reserved 1048576K
}
Event: 3.126 GC heap before
{Heap before GC invocations=8 (full 0):
 garbage-first heap   total 722944K, used 318861K [0x0000000703600000, 0x0000000800000000)
  region size 2048K, 79 young (161792K), 10 survivors (20480K)
 Metaspace       used 18721K, committed 18944K, reserved 1073152K
  class space    used 2095K, committed 2176K, reserved 1048576K
}
Event: 3.160 GC heap after
{Heap after GC invocations=9 (full 0):
 garbage-first heap   total 722944K, used 225916K [0x0000000703600000, 0x0000000800000000)
  region size 2048K, 10 young (20480K), 10 survivors (20480K)
 Metaspace       used 18721K, committed 18944K, reserved 1073152K
  class space    used 2095K, committed 2176K, reserved 1048576K
}
Event: 3.686 GC heap before
{Heap before GC invocations=9 (full 0):
 garbage-first heap   total 722944K, used 432764K [0x0000000703600000, 0x0000000800000000)
  region size 2048K, 111 young (227328K), 10 survivors (20480K)
 Metaspace       used 18721K, committed 18944K, reserved 1073152K
  class space    used 2095K, committed 2176K, reserved 1048576K
}
Event: 3.726 GC heap after
{Heap after GC invocations=10 (full 0):
 garbage-first heap   total 722944K, used 282624K [0x0000000703600000, 0x0000000800000000)
  region size 2048K, 14 young (28672K), 14 survivors (28672K)
 Metaspace       used 18721K, committed 18944K, reserved 1073152K
  class space    used 2095K, committed 2176K, reserved 1048576K
}
Event: 4.171 GC heap before
{Heap before GC invocations=10 (full 0):
 garbage-first heap   total 722944K, used 473088K [0x0000000703600000, 0x0000000800000000)
  region size 2048K, 107 young (219136K), 14 survivors (28672K)
 Metaspace       used 18721K, committed 18944K, reserved 1073152K
  class space    used 2095K, committed 2176K, reserved 1048576K
}
Event: 4.203 GC heap after
{Heap after GC invocations=11 (full 0):
 garbage-first heap   total 1245184K, used 321536K [0x0000000703600000, 0x0000000800000000)
  region size 2048K, 14 young (28672K), 14 survivors (28672K)
 Metaspace       used 18721K, committed 18944K, reserved 1073152K
  class space    used 2095K, committed 2176K, reserved 1048576K
}
Event: 4.376 GC heap before
{Heap before GC invocations=11 (full 0):
 garbage-first heap   total 1245184K, used 350208K [0x0000000703600000, 0x0000000800000000)
  region size 2048K, 28 young (57344K), 14 survivors (28672K)
 Metaspace       used 21354K, committed 21504K, reserved 1073152K
  class space    used 2559K, committed 2624K, reserved 1048576K
}
Event: 4.394 GC heap after
{Heap after GC invocations=12 (full 0):
 garbage-first heap   total 1245184K, used 332338K [0x0000000703600000, 0x0000000800000000)
  region size 2048K, 4 young (8192K), 4 survivors (8192K)
 Metaspace       used 21354K, committed 21504K, reserved 1073152K
  class space    used 2559K, committed 2624K, reserved 1048576K
}
Event: 5.802 GC heap before
{Heap before GC invocations=13 (full 0):
 garbage-first heap   total 1187840K, used 713266K [0x0000000703600000, 0x0000000800000000)
  region size 2048K, 186 young (380928K), 4 survivors (8192K)
 Metaspace       used 26092K, committed 26432K, reserved 1073152K
  class space    used 3311K, committed 3456K, reserved 1048576K
}
Event: 5.883 GC heap after
{Heap after GC invocations=14 (full 0):
 garbage-first heap   total 1187840K, used 443600K [0x0000000703600000, 0x0000000800000000)
  region size 2048K, 24 young (49152K), 24 survivors (49152K)
 Metaspace       used 26092K, committed 26432K, reserved 1073152K
  class space    used 3311K, committed 3456K, reserved 1048576K
}
Event: 5.914 GC heap before
{Heap before GC invocations=14 (full 0):
 garbage-first heap   total 1187840K, used 453840K [0x0000000703600000, 0x0000000800000000)
  region size 2048K, 29 young (59392K), 24 survivors (49152K)
 Metaspace       used 26093K, committed 26432K, reserved 1073152K
  class space    used 3311K, committed 3456K, reserved 1048576K
}
Event: 5.959 GC heap after
{Heap after GC invocations=15 (full 0):
 garbage-first heap   total 1187840K, used 450054K [0x0000000703600000, 0x0000000800000000)
  region size 2048K, 4 young (8192K), 4 survivors (8192K)
 Metaspace       used 26093K, committed 26432K, reserved 1073152K
  class space    used 3311K, committed 3456K, reserved 1048576K
}
Event: 6.145 GC heap before
{Heap before GC invocations=15 (full 0):
 garbage-first heap   total 1187840K, used 560646K [0x0000000703600000, 0x0000000800000000)
  region size 2048K, 58 young (118784K), 4 survivors (8192K)
 Metaspace       used 26093K, committed 26432K, reserved 1073152K
  class space    used 3311K, committed 3456K, reserved 1048576K
}
Event: 6.168 GC heap after
{Heap after GC invocations=16 (full 0):
 garbage-first heap   total 1187840K, used 489457K [0x0000000703600000, 0x0000000800000000)
  region size 2048K, 8 young (16384K), 8 survivors (16384K)
 Metaspace       used 26093K, committed 26432K, reserved 1073152K
  class space    used 3311K, committed 3456K, reserved 1048576K
}
Event: 6.665 GC heap before
{Heap before GC invocations=17 (full 0):
 garbage-first heap   total 1187840K, used 743409K [0x0000000703600000, 0x0000000800000000)
  region size 2048K, 132 young (270336K), 8 survivors (16384K)
 Metaspace       used 26063K, committed 26432K, reserved 1073152K
  class space    used 3301K, committed 3456K, reserved 1048576K
}
Event: 6.708 GC heap after
{Heap after GC invocations=18 (full 0):
 garbage-first heap   total 1187840K, used 579584K [0x0000000703600000, 0x0000000800000000)
  region size 2048K, 17 young (34816K), 17 survivors (34816K)
 Metaspace       used 26063K, committed 26432K, reserved 1073152K
  class space    used 3301K, committed 3456K, reserved 1048576K
}
Event: 6.750 GC heap before
{Heap before GC invocations=18 (full 0):
 garbage-first heap   total 1187840K, used 602112K [0x0000000703600000, 0x0000000800000000)
  region size 2048K, 29 young (59392K), 17 survivors (34816K)
 Metaspace       used 26063K, committed 26432K, reserved 1073152K
  class space    used 3301K, committed 3456K, reserved 1048576K
}

