# JRE version: Java(TM) SE Runtime Environment (17.0.4.1+1) (build 17.0.4.1+1-LTS-2)
# Java VM: Java HotSpot(TM) 64-Bit Server VM (17.0.4.1+1-LTS-2, mixed mode, sharing, tiered, compressed oops, compressed class ptrs, g1 gc, windows-amd64)
GC Precious Log:
 CPUs: 12 total, 12 available
 Memory: 16164M
 Large Page Support: Disabled
 NUMA Support: Disabled
 Compressed Oops: Enabled (Zero based)
 Heap Region Size: 2M
 Heap Min Capacity: 8M
 Heap Initial Capacity: 254M
 Heap Max Capacity: 4042M
 Pre-touch: Disabled
 Parallel Workers: 10
 Concurrent Workers: 3
 Concurrent Refinement Workers: 10
 Periodic GC: Disabled
Heap:
 garbage-first heap   total 1271808K, used 562176K [0x0000000703600000, 0x0000000800000000)
  region size 2048K, 4 young (8192K), 4 survivors (8192K)
 Metaspace       used 26168K, committed 26496K, reserved 1073152K
  class space    used 3304K, committed 3456K, reserved 1048576K
GC Heap History (20 events):
Event: 3.048 GC heap after
{Heap after GC invocations=7 (full 0):
 garbage-first heap   total 768000K, used 123864K [0x0000000703600000, 0x0000000800000000)
  region size 2048K, 5 young (10240K), 5 survivors (10240K)
 Metaspace       used 18548K, committed 18752K, reserved 1073152K
  class space    used 2074K, committed 2176K, reserved 1048576K
}
Event: 3.444 GC heap before
{Heap before GC invocations=7 (full 0):
 garbage-first heap   total 768000K, used 250840K [0x0000000703600000, 0x0000000800000000)
  region size 2048K, 67 young (137216K), 5 survivors (10240K)
 Metaspace       used 18719K, committed 18944K, reserved 1073152K
  class space    used 2093K, committed 2176K, reserved 1048576K
}
Event: 3.480 GC heap after
{Heap after GC invocations=8 (full 0):
 garbage-first heap   total 768000K, used 168276K [0x0000000703600000, 0x0000000800000000)
  region size 2048K, 9 young (18432K), 9 survivors (18432K)
 Metaspace       used 18719K, committed 18944K, reserved 1073152K
  class space    used 2093K, committed 2176K, reserved 1048576K
}
Event: 3.838 GC heap before
{Heap before GC invocations=8 (full 0):
 garbage-first heap   total 768000K, used 285012K [0x0000000703600000, 0x0000000800000000)
  region size 2048K, 66 young (135168K), 9 survivors (18432K)
 Metaspace       used 18719K, committed 18944K, reserved 1073152K
  class space    used 2093K, committed 2176K, reserved 1048576K
}
Event: 3.866 GC heap after
{Heap after GC invocations=9 (full 0):
 garbage-first heap   total 768000K, used 210093K [0x0000000703600000, 0x0000000800000000)
  region size 2048K, 9 young (18432K), 9 survivors (18432K)
 Metaspace       used 18719K, committed 18944K, reserved 1073152K
  class space    used 2093K, committed 2176K, reserved 1048576K
}
Event: 4.459 GC heap before
{Heap before GC invocations=9 (full 0):
 garbage-first heap   total 768000K, used 404653K [0x0000000703600000, 0x0000000800000000)
  region size 2048K, 104 young (212992K), 9 survivors (18432K)
 Metaspace       used 18719K, committed 18944K, reserved 1073152K
  class space    used 2093K, committed 2176K, reserved 1048576K
}
Event: 4.503 GC heap after
{Heap after GC invocations=10 (full 0):
 garbage-first heap   total 768000K, used 271052K [0x0000000703600000, 0x0000000800000000)
  region size 2048K, 13 young (26624K), 13 survivors (26624K)
 Metaspace       used 18719K, committed 18944K, reserved 1073152K
  class space    used 2093K, committed 2176K, reserved 1048576K
}
Event: 5.133 GC heap before
{Heap before GC invocations=10 (full 0):
 garbage-first heap   total 768000K, used 475852K [0x0000000703600000, 0x0000000800000000)
  region size 2048K, 113 young (231424K), 13 survivors (26624K)
 Metaspace       used 18719K, committed 18944K, reserved 1073152K
  class space    used 2093K, committed 2176K, reserved 1048576K
}
Event: 5.168 GC heap after
{Heap after GC invocations=11 (full 0):
 garbage-first heap   total 1271808K, used 315134K [0x0000000703600000, 0x0000000800000000)
  region size 2048K, 15 young (30720K), 15 survivors (30720K)
 Metaspace       used 18719K, committed 18944K, reserved 1073152K
  class space    used 2093K, committed 2176K, reserved 1048576K
}
Event: 5.558 GC heap before
{Heap before GC invocations=11 (full 0):
 garbage-first heap   total 1271808K, used 395006K [0x0000000703600000, 0x0000000800000000)
  region size 2048K, 54 young (110592K), 15 survivors (30720K)
 Metaspace       used 21342K, committed 21504K, reserved 1073152K
  class space    used 2553K, committed 2624K, reserved 1048576K
}
Event: 5.582 GC heap after
{Heap after GC invocations=12 (full 0):
 garbage-first heap   total 1271808K, used 334576K [0x0000000703600000, 0x0000000800000000)
  region size 2048K, 8 young (16384K), 8 survivors (16384K)
 Metaspace       used 21342K, committed 21504K, reserved 1073152K
  class space    used 2553K, committed 2624K, reserved 1048576K
}
Event: 7.109 GC heap before
{Heap before GC invocations=13 (full 0):
 garbage-first heap   total 1181696K, used 670448K [0x0000000703600000, 0x0000000800000000)
  region size 2048K, 168 young (344064K), 8 survivors (16384K)
 Metaspace       used 26199K, committed 26496K, reserved 1073152K
  class space    used 3314K, committed 3456K, reserved 1048576K
}
Event: 7.208 GC heap after
{Heap after GC invocations=14 (full 0):
 garbage-first heap   total 1181696K, used 431479K [0x0000000703600000, 0x0000000800000000)
  region size 2048K, 21 young (43008K), 21 survivors (43008K)
 Metaspace       used 26199K, committed 26496K, reserved 1073152K
  class space    used 3314K, committed 3456K, reserved 1048576K
}
Event: 7.253 GC heap before
{Heap before GC invocations=14 (full 0):
 garbage-first heap   total 1181696K, used 445815K [0x0000000703600000, 0x0000000800000000)
  region size 2048K, 28 young (57344K), 21 survivors (43008K)
 Metaspace       used 26201K, committed 26496K, reserved 1073152K
  class space    used 3314K, committed 3456K, reserved 1048576K
}
Event: 7.297 GC heap after
{Heap after GC invocations=15 (full 0):
 garbage-first heap   total 1181696K, used 438000K [0x0000000703600000, 0x0000000800000000)
  region size 2048K, 4 young (8192K), 4 survivors (8192K)
 Metaspace       used 26201K, committed 26496K, reserved 1073152K
  class space    used 3314K, committed 3456K, reserved 1048576K
}
Event: 7.463 GC heap before
{Heap before GC invocations=15 (full 0):
 garbage-first heap   total 1181696K, used 532208K [0x0000000703600000, 0x0000000800000000)
  region size 2048K, 50 young (102400K), 4 survivors (8192K)
 Metaspace       used 26201K, committed 26496K, reserved 1073152K
  class space    used 3314K, committed 3456K, reserved 1048576K
}
Event: 7.484 GC heap after
{Heap after GC invocations=16 (full 0):
 garbage-first heap   total 1181696K, used 471651K [0x0000000703600000, 0x0000000800000000)
  region size 2048K, 7 young (14336K), 7 survivors (14336K)
 Metaspace       used 26201K, committed 26496K, reserved 1073152K
  class space    used 3314K, committed 3456K, reserved 1048576K
}
Event: 8.131 GC heap before
{Heap before GC invocations=17 (full 0):
 garbage-first heap   total 1181696K, used 696931K [0x0000000703600000, 0x0000000800000000)
  region size 2048K, 117 young (239616K), 7 survivors (14336K)
 Metaspace       used 26168K, committed 26496K, reserved 1073152K
  class space    used 3304K, committed 3456K, reserved 1048576K
}
Event: 8.198 GC heap after
{Heap after GC invocations=18 (full 0):
 garbage-first heap   total 1181696K, used 553419K [0x0000000703600000, 0x0000000800000000)
  region size 2048K, 15 young (30720K), 15 survivors (30720K)
 Metaspace       used 26168K, committed 26496K, reserved 1073152K
  class space    used 3304K, committed 3456K, reserved 1048576K
}
Event: 8.271 GC heap before
{Heap before GC invocations=18 (full 0):
 garbage-first heap   total 1181696K, used 580043K [0x0000000703600000, 0x0000000800000000)
  region size 2048K, 28 young (57344K), 15 survivors (30720K)
 Metaspace       used 26168K, committed 26496K, reserved 1073152K
  class space    used 3304K, committed 3456K, reserved 1048576K
}

