# JRE version: Java(TM) SE Runtime Environment (17.0.4.1+1) (build 17.0.4.1+1-LTS-2)
# Java VM: Java HotSpot(TM) 64-Bit Server VM (17.0.4.1+1-LTS-2, mixed mode, sharing, tiered, compressed oops, compressed class ptrs, g1 gc, windows-amd64)
GC Precious Log:
 CPUs: 12 total, 12 available
 Memory: 16164M
 Large Page Support: Disabled
 NUMA Support: Disabled
 Compressed Oops: Enabled (Zero based)
 Heap Region Size: 2M
 Heap Min Capacity: 8M
 Heap Initial Capacity: 254M
 Heap Max Capacity: 4042M
 Pre-touch: Disabled
 Parallel Workers: 10
 Concurrent Workers: 3
 Concurrent Refinement Workers: 10
 Periodic GC: Disabled
Heap:
 garbage-first heap   total 1136640K, used 642048K [0x0000000703600000, 0x0000000800000000)
  region size 2048K, 4 young (8192K), 4 survivors (8192K)
 Metaspace       used 26121K, committed 26432K, reserved 1073152K
  class space    used 3307K, committed 3456K, reserved 1048576K
GC Heap History (20 events):
Event: 2.646 GC heap after
{Heap after GC invocations=7 (full 0):
 garbage-first heap   total 667648K, used 130592K [0x0000000703600000, 0x0000000800000000)
  region size 2048K, 5 young (10240K), 5 survivors (10240K)
 Metaspace       used 18569K, committed 18752K, reserved 1073152K
  class space    used 2074K, committed 2176K, reserved 1048576K
}
Event: 3.062 GC heap before
{Heap before GC invocations=7 (full 0):
 garbage-first heap   total 667648K, used 282144K [0x0000000703600000, 0x0000000800000000)
  region size 2048K, 79 young (161792K), 5 survivors (10240K)
 Metaspace       used 18738K, committed 18944K, reserved 1073152K
  class space    used 2093K, committed 2176K, reserved 1048576K
}
Event: 3.091 GC heap after
{Heap after GC invocations=8 (full 0):
 garbage-first heap   total 667648K, used 182272K [0x0000000703600000, 0x0000000800000000)
  region size 2048K, 10 young (20480K), 10 survivors (20480K)
 Metaspace       used 18738K, committed 18944K, reserved 1073152K
  class space    used 2093K, committed 2176K, reserved 1048576K
}
Event: 3.402 GC heap before
{Heap before GC invocations=8 (full 0):
 garbage-first heap   total 667648K, used 315392K [0x0000000703600000, 0x0000000800000000)
  region size 2048K, 75 young (153600K), 10 survivors (20480K)
 Metaspace       used 18738K, committed 18944K, reserved 1073152K
  class space    used 2093K, committed 2176K, reserved 1048576K
}
Event: 3.429 GC heap after
{Heap after GC invocations=9 (full 0):
 garbage-first heap   total 667648K, used 228538K [0x0000000703600000, 0x0000000800000000)
  region size 2048K, 10 young (20480K), 10 survivors (20480K)
 Metaspace       used 18738K, committed 18944K, reserved 1073152K
  class space    used 2093K, committed 2176K, reserved 1048576K
}
Event: 3.847 GC heap before
{Heap before GC invocations=9 (full 0):
 garbage-first heap   total 667648K, used 416954K [0x0000000703600000, 0x0000000800000000)
  region size 2048K, 102 young (208896K), 10 survivors (20480K)
 Metaspace       used 18738K, committed 18944K, reserved 1073152K
  class space    used 2093K, committed 2176K, reserved 1048576K
}
Event: 3.878 GC heap after
{Heap after GC invocations=10 (full 0):
 garbage-first heap   total 667648K, used 281368K [0x0000000703600000, 0x0000000800000000)
  region size 2048K, 13 young (26624K), 13 survivors (26624K)
 Metaspace       used 18738K, committed 18944K, reserved 1073152K
  class space    used 2093K, committed 2176K, reserved 1048576K
}
Event: 4.191 GC heap before
{Heap before GC invocations=10 (full 0):
 garbage-first heap   total 667648K, used 451352K [0x0000000703600000, 0x0000000800000000)
  region size 2048K, 96 young (196608K), 13 survivors (26624K)
 Metaspace       used 18742K, committed 18944K, reserved 1073152K
  class space    used 2094K, committed 2176K, reserved 1048576K
}
Event: 4.220 GC heap after
{Heap after GC invocations=11 (full 0):
 garbage-first heap   total 1136640K, used 315392K [0x0000000703600000, 0x0000000800000000)
  region size 2048K, 12 young (24576K), 12 survivors (24576K)
 Metaspace       used 18742K, committed 18944K, reserved 1073152K
  class space    used 2094K, committed 2176K, reserved 1048576K
}
Event: 4.444 GC heap before
{Heap before GC invocations=11 (full 0):
 garbage-first heap   total 1136640K, used 374784K [0x0000000703600000, 0x0000000800000000)
  region size 2048K, 41 young (83968K), 12 survivors (24576K)
 Metaspace       used 21378K, committed 21504K, reserved 1073152K
  class space    used 2556K, committed 2624K, reserved 1048576K
}
Event: 4.460 GC heap after
{Heap after GC invocations=12 (full 0):
 garbage-first heap   total 1136640K, used 330704K [0x0000000703600000, 0x0000000800000000)
  region size 2048K, 6 young (12288K), 6 survivors (12288K)
 Metaspace       used 21378K, committed 21504K, reserved 1073152K
  class space    used 2556K, committed 2624K, reserved 1048576K
}
Event: 6.089 GC heap before
{Heap before GC invocations=13 (full 0):
 garbage-first heap   total 1136640K, used 734160K [0x0000000703600000, 0x0000000800000000)
  region size 2048K, 199 young (407552K), 6 survivors (12288K)
 Metaspace       used 26151K, committed 26432K, reserved 1073152K
  class space    used 3316K, committed 3456K, reserved 1048576K
}
Event: 6.171 GC heap after
{Heap after GC invocations=14 (full 0):
 garbage-first heap   total 1136640K, used 449598K [0x0000000703600000, 0x0000000800000000)
  region size 2048K, 25 young (51200K), 25 survivors (51200K)
 Metaspace       used 26151K, committed 26432K, reserved 1073152K
  class space    used 3316K, committed 3456K, reserved 1048576K
}
Event: 6.190 GC heap before
{Heap before GC invocations=14 (full 0):
 garbage-first heap   total 1136640K, used 453694K [0x0000000703600000, 0x0000000800000000)
  region size 2048K, 27 young (55296K), 25 survivors (51200K)
 Metaspace       used 26152K, committed 26432K, reserved 1073152K
  class space    used 3316K, committed 3456K, reserved 1048576K
}
Event: 6.240 GC heap after
{Heap after GC invocations=15 (full 0):
 garbage-first heap   total 1136640K, used 457524K [0x0000000703600000, 0x0000000800000000)
  region size 2048K, 4 young (8192K), 4 survivors (8192K)
 Metaspace       used 26152K, committed 26432K, reserved 1073152K
  class space    used 3316K, committed 3456K, reserved 1048576K
}
Event: 6.675 GC heap before
{Heap before GC invocations=15 (full 0):
 garbage-first heap   total 1136640K, used 736052K [0x0000000703600000, 0x0000000800000000)
  region size 2048K, 140 young (286720K), 4 survivors (8192K)
 Metaspace       used 26156K, committed 26432K, reserved 1073152K
  class space    used 3316K, committed 3456K, reserved 1048576K
}
Event: 6.717 GC heap after
{Heap after GC invocations=16 (full 0):
 garbage-first heap   total 1136640K, used 555008K [0x0000000703600000, 0x0000000800000000)
  region size 2048K, 18 young (36864K), 18 survivors (36864K)
 Metaspace       used 26156K, committed 26432K, reserved 1073152K
  class space    used 3316K, committed 3456K, reserved 1048576K
}
Event: 7.230 GC heap before
{Heap before GC invocations=17 (full 0):
 garbage-first heap   total 1136640K, used 804864K [0x0000000703600000, 0x0000000800000000)
  region size 2048K, 140 young (286720K), 18 survivors (36864K)
 Metaspace       used 26121K, committed 26432K, reserved 1073152K
  class space    used 3307K, committed 3456K, reserved 1048576K
}
Event: 7.283 GC heap after
{Heap after GC invocations=18 (full 0):
 garbage-first heap   total 1136640K, used 636928K [0x0000000703600000, 0x0000000800000000)
  region size 2048K, 18 young (36864K), 18 survivors (36864K)
 Metaspace       used 26121K, committed 26432K, reserved 1073152K
  class space    used 3307K, committed 3456K, reserved 1048576K
}
Event: 7.322 GC heap before
{Heap before GC invocations=18 (full 0):
 garbage-first heap   total 1136640K, used 655360K [0x0000000703600000, 0x0000000800000000)
  region size 2048K, 27 young (55296K), 18 survivors (36864K)
 Metaspace       used 26121K, committed 26432K, reserved 1073152K
  class space    used 3307K, committed 3456K, reserved 1048576K
}

