# JRE version: Java(TM) SE Runtime Environment (17.0.4.1+1) (build 17.0.4.1+1-LTS-2)
# Java VM: Java HotSpot(TM) 64-Bit Server VM (17.0.4.1+1-LTS-2, mixed mode, sharing, tiered, compressed oops, compressed class ptrs, g1 gc, windows-amd64)
GC Precious Log:
 CPUs: 12 total, 12 available
 Memory: 16164M
 Large Page Support: Disabled
 NUMA Support: Disabled
 Compressed Oops: Enabled (Zero based)
 Heap Region Size: 2M
 Heap Min Capacity: 8M
 Heap Initial Capacity: 254M
 Heap Max Capacity: 4042M
 Pre-touch: Disabled
 Parallel Workers: 10
 Concurrent Workers: 3
 Concurrent Refinement Workers: 10
 Periodic GC: Disabled
Heap:
 garbage-first heap   total 901120K, used 567296K [0x0000000703600000, 0x0000000800000000)
  region size 2048K, 11 young (22528K), 11 survivors (22528K)
 Metaspace       used 26157K, committed 26432K, reserved 1073152K
  class space    used 3311K, committed 3456K, reserved 1048576K
GC Heap History (20 events):
Event: 7.239 GC heap after
{Heap after GC invocations=8 (full 0):
 garbage-first heap   total 518144K, used 174942K [0x0000000703600000, 0x0000000800000000)
  region size 2048K, 9 young (18432K), 9 survivors (18432K)
 Metaspace       used 18729K, committed 18944K, reserved 1073152K
  class space    used 2094K, committed 2176K, reserved 1048576K
}
Event: 8.093 GC heap before
{Heap before GC invocations=8 (full 0):
 garbage-first heap   total 518144K, used 287582K [0x0000000703600000, 0x0000000800000000)
  region size 2048K, 64 young (131072K), 9 survivors (18432K)
 Metaspace       used 18729K, committed 18944K, reserved 1073152K
  class space    used 2094K, committed 2176K, reserved 1048576K
}
Event: 8.142 GC heap after
{Heap after GC invocations=9 (full 0):
 garbage-first heap   total 518144K, used 215645K [0x0000000703600000, 0x0000000800000000)
  region size 2048K, 8 young (16384K), 8 survivors (16384K)
 Metaspace       used 18729K, committed 18944K, reserved 1073152K
  class space    used 2094K, committed 2176K, reserved 1048576K
}
Event: 9.219 GC heap before
{Heap before GC invocations=9 (full 0):
 garbage-first heap   total 518144K, used 352861K [0x0000000703600000, 0x0000000800000000)
  region size 2048K, 75 young (153600K), 8 survivors (16384K)
 Metaspace       used 18729K, committed 18944K, reserved 1073152K
  class space    used 2094K, committed 2176K, reserved 1048576K
}
Event: 9.265 GC heap after
{Heap after GC invocations=10 (full 0):
 garbage-first heap   total 518144K, used 260096K [0x0000000703600000, 0x0000000800000000)
  region size 2048K, 10 young (20480K), 10 survivors (20480K)
 Metaspace       used 18729K, committed 18944K, reserved 1073152K
  class space    used 2094K, committed 2176K, reserved 1048576K
}
Event: 10.022 GC heap before
{Heap before GC invocations=10 (full 0):
 garbage-first heap   total 518144K, used 374784K [0x0000000703600000, 0x0000000800000000)
  region size 2048K, 66 young (135168K), 10 survivors (20480K)
 Metaspace       used 18729K, committed 18944K, reserved 1073152K
  class space    used 2094K, committed 2176K, reserved 1048576K
}
Event: 10.063 GC heap after
{Heap after GC invocations=11 (full 0):
 garbage-first heap   total 806912K, used 290235K [0x0000000703600000, 0x0000000800000000)
  region size 2048K, 9 young (18432K), 9 survivors (18432K)
 Metaspace       used 18729K, committed 18944K, reserved 1073152K
  class space    used 2094K, committed 2176K, reserved 1048576K
}
Event: 12.565 GC heap before
{Heap before GC invocations=12 (full 0):
 garbage-first heap   total 806912K, used 552379K [0x0000000703600000, 0x0000000800000000)
  region size 2048K, 132 young (270336K), 9 survivors (18432K)
 Metaspace       used 24500K, committed 24704K, reserved 1073152K
  class space    used 3040K, committed 3136K, reserved 1048576K
}
Event: 12.620 GC heap after
{Heap after GC invocations=13 (full 0):
 garbage-first heap   total 806912K, used 341150K [0x0000000703600000, 0x0000000800000000)
  region size 2048K, 17 young (34816K), 17 survivors (34816K)
 Metaspace       used 24500K, committed 24704K, reserved 1073152K
  class space    used 3040K, committed 3136K, reserved 1048576K
}
Event: 12.643 GC heap before
{Heap before GC invocations=13 (full 0):
 garbage-first heap   total 806912K, used 345246K [0x0000000703600000, 0x0000000800000000)
  region size 2048K, 19 young (38912K), 17 survivors (34816K)
 Metaspace       used 24501K, committed 24704K, reserved 1073152K
  class space    used 3040K, committed 3136K, reserved 1048576K
}
Event: 12.673 GC heap after
{Heap after GC invocations=14 (full 0):
 garbage-first heap   total 806912K, used 343825K [0x0000000703600000, 0x0000000800000000)
  region size 2048K, 3 young (6144K), 3 survivors (6144K)
 Metaspace       used 24501K, committed 24704K, reserved 1073152K
  class space    used 3040K, committed 3136K, reserved 1048576K
}
Event: 14.219 GC heap before
{Heap before GC invocations=14 (full 0):
 garbage-first heap   total 806912K, used 567057K [0x0000000703600000, 0x0000000800000000)
  region size 2048K, 112 young (229376K), 3 survivors (6144K)
 Metaspace       used 26153K, committed 26432K, reserved 1073152K
  class space    used 3311K, committed 3456K, reserved 1048576K
}
Event: 14.316 GC heap after
{Heap after GC invocations=15 (full 0):
 garbage-first heap   total 806912K, used 408916K [0x0000000703600000, 0x0000000800000000)
  region size 2048K, 14 young (28672K), 14 survivors (28672K)
 Metaspace       used 26153K, committed 26432K, reserved 1073152K
  class space    used 3311K, committed 3456K, reserved 1048576K
}
Event: 14.627 GC heap before
{Heap before GC invocations=15 (full 0):
 garbage-first heap   total 806912K, used 486740K [0x0000000703600000, 0x0000000800000000)
  region size 2048K, 52 young (106496K), 14 survivors (28672K)
 Metaspace       used 26153K, committed 26432K, reserved 1073152K
  class space    used 3311K, committed 3456K, reserved 1048576K
}
Event: 14.679 GC heap after
{Heap after GC invocations=16 (full 0):
 garbage-first heap   total 806912K, used 441060K [0x0000000703600000, 0x0000000800000000)
  region size 2048K, 7 young (14336K), 7 survivors (14336K)
 Metaspace       used 26153K, committed 26432K, reserved 1073152K
  class space    used 3311K, committed 3456K, reserved 1048576K
}
Event: 15.690 GC heap before
{Heap before GC invocations=17 (full 0):
 garbage-first heap   total 901120K, used 600804K [0x0000000703600000, 0x0000000800000000)
  region size 2048K, 85 young (174080K), 7 survivors (14336K)
 Metaspace       used 26154K, committed 26432K, reserved 1073152K
  class space    used 3311K, committed 3456K, reserved 1048576K
}
Event: 15.760 GC heap after
{Heap after GC invocations=18 (full 0):
 garbage-first heap   total 901120K, used 500539K [0x0000000703600000, 0x0000000800000000)
  region size 2048K, 11 young (22528K), 11 survivors (22528K)
 Metaspace       used 26154K, committed 26432K, reserved 1073152K
  class space    used 3311K, committed 3456K, reserved 1048576K
}
Event: 15.868 GC heap before
{Heap before GC invocations=18 (full 0):
 garbage-first heap   total 901120K, used 523067K [0x0000000703600000, 0x0000000800000000)
  region size 2048K, 22 young (45056K), 11 survivors (22528K)
 Metaspace       used 26154K, committed 26432K, reserved 1073152K
  class space    used 3311K, committed 3456K, reserved 1048576K
}
Event: 15.908 GC heap after
{Heap after GC invocations=19 (full 0):
 garbage-first heap   total 901120K, used 507716K [0x0000000703600000, 0x0000000800000000)
  region size 2048K, 3 young (6144K), 3 survivors (6144K)
 Metaspace       used 26154K, committed 26432K, reserved 1073152K
  class space    used 3311K, committed 3456K, reserved 1048576K
}
Event: 16.938 GC heap before
{Heap before GC invocations=19 (full 0):
 garbage-first heap   total 901120K, used 677700K [0x0000000703600000, 0x0000000800000000)
  region size 2048K, 86 young (176128K), 3 survivors (6144K)
 Metaspace       used 26157K, committed 26432K, reserved 1073152K
  class space    used 3311K, committed 3456K, reserved 1048576K
}

